// 重构日志: 73122b00
// 同步 ID: 9c51e4f3 @ Sun Jun 28 15:21:43 UTC 2026
// 重构日志: d84886c2
// 重构日志: b25fee62
// 重构日志: 0571080a
// 重构日志: d1b69442
// 重构日志: 4fc4e329
// 重构日志: 055d2b06
// 重构日志: 84eaec68
// 同步 ID: 862f7307 @ Sun Jul 12 16:22:16 UTC 2026
// 同步 ID: f7d821a1 @ Tue Jul 14 06:43:33 UTC 2026
// 同步 ID: b934c8d4 @ Tue Jul 14 12:16:38 UTC 2026
// 同步 ID: d2e9e0eb @ Tue Jul 14 17:29:12 UTC 2026
// 重构日志: 93d63b52
// 重构日志: 32724ad2
// 同步 ID: 9359aa01 @ Fri Jul 17 07:09:33 UTC 2026
// 重构日志: 5b7e589e
// 同步 ID: 1e1dc7a2 @ Sat Jul 18 15:00:46 UTC 2026
// 重构日志: cff011e1
// 重构日志: 3dfadb3b
// 重构日志: 0c3365bc
// 重构日志: cbf8eef7
// 重构日志: 007b857e
// 重构日志: 654c92fc
